<html xmlns:math="http://exslt.org/math" xmlns:testng="http://testng.org">
   <head>
      <title>TestNG Results</title>
      <meta http-equiv="content-type" content="text/html; charset=utf-8"></meta>
      <meta http-equiv="pragma" content="no-cache"></meta>
      <meta http-equiv="cache-control" content="max-age=0"></meta>
      <meta http-equiv="cache-control" content="no-cache"></meta>
      <meta http-equiv="cache-control" content="no-store"></meta>
      <LINK rel="stylesheet" href="style.css"></LINK>
      <script type="text/javascript" src="main.js"></script>
   </head>
   <body>
      <table width="100%" style="font-size: 16px; margin-bottom: 10px;" cellspacing="1">
         <tr>
            <td width="100%">
               Test case
               
               <b>Yahoo News Test</b>
            </td>
            <td style="background-color: #FFBBBB; padding: 3px 3px 3px 0;" align="center">
               <div style="width: 50px;">1</div>
            </td>
            <td style="background-color: lightgreen; padding: 3px 3px 3px 0;" align="center">
               <div style="width: 50px;">1</div>
            </td>
            <td style="background-color: #FFFFBB; padding: 3px 3px 3px 0;" align="center">
               <div style="width: 50px;">0</div>
            </td>
            <td align="center" style="background-color: #eaf0f7; padding: 3px 3px 3px 0;">
               <div style="width: 50px;">2</div>
            </td>
            <td align="center"
                style="font-weight: bold; background-color: #eaf0f7; padding: 3px 3px 3px 0;">
               <div style="width: 50px;">50%</div>
            </td>
            <td style="background-color: #eaf0f7; padding: 3px 3px 3px 0;" align="center"
                nowrap="true">6 ms
               
            </td>
         </tr>
      </table>
      <div style="width: 200px;">
         <label for="groupMethodsCheckBox" style="font-weight: bold; margin: 0;">
            <input id="groupMethodsCheckBox" type="checkbox" onclick="switchTestMethodsView(this)"></input>
            Group by class
            
         </label>
         <br></br>
         <label for="methodsFilter_ALL" style="font-weight: bold; margin: 0;">
            <input id="methodsFilter_ALL" type="checkbox"
                   onclick="testMethodsFilterChanged(this, 'ALL')"></input>
            All
            
         </label>
      </div>
      <label for="methodsFilter_FAIL" style="margin-left: 20px;">
         <input id="methodsFilter_FAIL" type="checkbox"
                onclick="testMethodsFilterChanged(this, 'FAIL')"
                checked=""></input>
         Failed
         
      </label>
      <label for="methodsFilter_PASS">
         <input id="methodsFilter_PASS" type="checkbox"
                onclick="testMethodsFilterChanged(this, 'PASS')"
                checked=""></input>
         Passed
         
      </label>
      <label for="methodsFilter_SKIP">
         <input id="methodsFilter_SKIP" type="checkbox"
                onclick="testMethodsFilterChanged(this, 'SKIP')"
                checked=""></input>
         Skipped
         
      </label>
      <label for="methodsFilter_CONF">
         <input id="methodsFilter_CONF" type="checkbox"
                onclick="testMethodsFilterChanged(this, 'CONF')"></input>
         Config
         
      </label>
      <br></br>
      <div id="testMethodsByStatus">
         <table class="testMethodsTable" cellpadding="0" cellspacing="0">
            <tr class="methodsTableHeader">
               <td width="100%">Name</td>
               <td nowrap="true">Started</td>
               <td nowrap="true">Duration</td>
               <td>Exception</td>
            </tr>
            <tr id="Test.YahooNewsTest_todaynews_byStatus_failed_FAIL1_row"
                class="testMethodStatusFAIL">
               <td width="100%" class="firstMethodCell">
                  <a onclick="toggleDetailsVisibility('Test.YahooNewsTest_todaynews_byStatus_failed_FAIL1_details')">todaynews()</a>
               </td>
               <td nowrap="true">01:23:33</td>
               <td nowrap="true" align="right">3 ms
                  
               </td>
               <td nowrap="true">
                  <a onclick="toggleDetailsVisibility('Test.YahooNewsTest_todaynews_byStatus_failed_FAIL1_exception')">java.lang.AssertionError: 
                     expected [Goodyu] but found [Good]
                     
                  </a>
                   
                  
               </td>
            </tr>
            <tr>
               <td colspan="4" class="detailsBox">
                  <div id="Test.YahooNewsTest_todaynews_byStatus_failed_FAIL1_details"
                       class="testMethodDetails">
                     <div>
                        <b>Name: </b>todaynews
                     </div>
                     <div>
                        <b>Signature: </b>todaynews()[pri:0, instance:Test.YahooNewsTest@6bf256fa]
                     </div>
                     <div>
                        <b>Start time: </b>01:23:33
                     </div>
                     <div>
                        <b>End time: </b>01:23:33
                     </div>
                     <div>
                        <b>Duration: </b>3 ms
                        
                     </div>
                  </div>
               </td>
            </tr>
            <tr>
               <td colspan="4" class="detailsBox">
                  <div id="Test.YahooNewsTest_todaynews_byStatus_failed_FAIL1_exception"
                       class="testMethodDetails">
                     <pre style="padding: 5px; margin: 0;">java.lang.AssertionError: expected [Goodyu] but found [Good]
                        	at org.testng.Assert.fail(Assert.java:94)
                        	at org.testng.Assert.failNotEquals(Assert.java:513)
                        	at org.testng.Assert.assertEqualsImpl(Assert.java:135)
                        	at org.testng.Assert.assertEquals(Assert.java:116)
                        	at org.testng.Assert.assertEquals(Assert.java:190)
                        	at org.testng.Assert.assertEquals(Assert.java:200)
                        	at Test.YahooNewsTest.todaynews(YahooNewsTest.java:26)
                        	at sun.reflect.NativeMethodAccessorImpl.invoke0(Native Method)
                        	at sun.reflect.NativeMethodAccessorImpl.invoke(NativeMethodAccessorImpl.java:62)
                        	at sun.reflect.DelegatingMethodAccessorImpl.invoke(DelegatingMethodAccessorImpl.java:43)
                        	at java.lang.reflect.Method.invoke(Method.java:498)
                        	at org.testng.internal.MethodInvocationHelper.invokeMethod(MethodInvocationHelper.java:100)
                        	at org.testng.internal.Invoker.invokeMethod(Invoker.java:646)
                        	at org.testng.internal.Invoker.invokeTestMethod(Invoker.java:811)
                        	at org.testng.internal.Invoker.invokeTestMethods(Invoker.java:1129)
                        	at org.testng.internal.TestMethodWorker.invokeTestMethods(TestMethodWorker.java:129)
                        	at org.testng.internal.TestMethodWorker.run(TestMethodWorker.java:112)
                        	at org.testng.TestRunner.privateRun(TestRunner.java:746)
                        	at org.testng.TestRunner.run(TestRunner.java:600)
                        	at org.testng.SuiteRunner.runTest(SuiteRunner.java:366)
                        	at org.testng.SuiteRunner.runSequentially(SuiteRunner.java:361)
                        	at org.testng.SuiteRunner.privateRun(SuiteRunner.java:319)
                        	at org.testng.SuiteRunner.run(SuiteRunner.java:268)
                        	at org.testng.SuiteRunnerWorker.runSuite(SuiteRunnerWorker.java:52)
                        	at org.testng.SuiteRunnerWorker.run(SuiteRunnerWorker.java:86)
                        	at org.testng.TestNG.runSuitesSequentially(TestNG.java:1264)
                        	at org.testng.TestNG.runSuitesLocally(TestNG.java:1189)
                        	at org.testng.TestNG.runSuites(TestNG.java:1104)
                        	at org.testng.TestNG.run(TestNG.java:1076)
                        	at org.testng.TestNG.privateMain(TestNG.java:1405)
                        	at org.testng.TestNG.main(TestNG.java:1374)
                     </pre>
                  </div>
               </td>
            </tr>
            <tr id="Test.YahooNewsTest_openselenium_byStatus_passed_PASS1_row"
                class="testMethodStatusPASS testMethodStatusCONF">
               <td width="100%" class="firstMethodCell">
                  <a onclick="toggleDetailsVisibility('Test.YahooNewsTest_openselenium_byStatus_passed_PASS1_details')">openselenium()</a>
               </td>
               <td nowrap="true">01:23:33</td>
               <td nowrap="true" align="right">14 ms
                  
               </td>
               <td nowrap="true">
                   
                  
               </td>
            </tr>
            <tr>
               <td colspan="4" class="detailsBox">
                  <div id="Test.YahooNewsTest_openselenium_byStatus_passed_PASS1_details"
                       class="testMethodDetails">
                     <div>
                        <b>Name: </b>openselenium
                     </div>
                     <div>
                        <b>Signature: </b>openselenium()[pri:0, instance:Test.YahooNewsTest@6bf256fa]
                     </div>
                     <div>
                        <b>Start time: </b>01:23:33
                     </div>
                     <div>
                        <b>End time: </b>01:23:33
                     </div>
                     <div>
                        <b>Duration: </b>14 ms
                        
                     </div>
                  </div>
               </td>
            </tr>
            <tr></tr>
            <tr id="Test.YahooNewsTest_yahoonews_byStatus_passed_PASS2_row"
                class="testMethodStatusPASS">
               <td width="100%" class="firstMethodCell">
                  <a onclick="toggleDetailsVisibility('Test.YahooNewsTest_yahoonews_byStatus_passed_PASS2_details')">yahoonews()</a>
               </td>
               <td nowrap="true">01:23:33</td>
               <td nowrap="true" align="right">0 ms
                  
               </td>
               <td nowrap="true">
                   
                  
               </td>
            </tr>
            <tr>
               <td colspan="4" class="detailsBox">
                  <div id="Test.YahooNewsTest_yahoonews_byStatus_passed_PASS2_details"
                       class="testMethodDetails">
                     <div>
                        <b>Name: </b>yahoonews
                     </div>
                     <div>
                        <b>Signature: </b>yahoonews()[pri:0, instance:Test.YahooNewsTest@6bf256fa]
                     </div>
                     <div>
                        <b>Start time: </b>01:23:33
                     </div>
                     <div>
                        <b>End time: </b>01:23:33
                     </div>
                     <div>
                        <b>Duration: </b>0 ms
                        
                     </div>
                  </div>
               </td>
            </tr>
            <tr></tr>
            <tr id="Test.YahooNewsTest_destroyselenium_byStatus_passed_PASS3_row"
                class="testMethodStatusPASS testMethodStatusCONF">
               <td width="100%" class="firstMethodCell">
                  <a onclick="toggleDetailsVisibility('Test.YahooNewsTest_destroyselenium_byStatus_passed_PASS3_details')">destroyselenium()</a>
               </td>
               <td nowrap="true">01:23:33</td>
               <td nowrap="true" align="right">0 ms
                  
               </td>
               <td nowrap="true">
                   
                  
               </td>
            </tr>
            <tr>
               <td colspan="4" class="detailsBox">
                  <div id="Test.YahooNewsTest_destroyselenium_byStatus_passed_PASS3_details"
                       class="testMethodDetails">
                     <div>
                        <b>Name: </b>destroyselenium
                     </div>
                     <div>
                        <b>Signature: </b>destroyselenium()[pri:0, instance:Test.YahooNewsTest@6bf256fa]
                     </div>
                     <div>
                        <b>Start time: </b>01:23:33
                     </div>
                     <div>
                        <b>End time: </b>01:23:33
                     </div>
                     <div>
                        <b>Duration: </b>0 ms
                        
                     </div>
                  </div>
               </td>
            </tr>
            <tr></tr>
         </table>
      </div>
      <div id="testMethodsByClass" style="display: none;">
         <table class="testMethodsTable" cellpadding="0" cellspacing="0">
            <tr>
               <td colspan="4">
                  <h3 style="display: inline;">Test.YahooNewsTest</h3>
               </td>
            </tr>
            <tr class="methodsTableHeader">
               <td width="100%">Name</td>
               <td nowrap="true">Started</td>
               <td nowrap="true">Duration</td>
               <td>Exception</td>
            </tr>
            <tr id="Test.YahooNewsTest_openselenium_byClass_PASS1_row"
                class="testMethodStatusPASS testMethodStatusCONF">
               <td width="100%" class="firstMethodCell">
                  <a onclick="toggleDetailsVisibility('Test.YahooNewsTest_openselenium_byClass_PASS1_details')">openselenium()</a>
               </td>
               <td nowrap="true">01:23:33</td>
               <td nowrap="true" align="right">14 ms
                  
               </td>
               <td nowrap="true">
                   
                  
               </td>
            </tr>
            <tr>
               <td colspan="4" class="detailsBox">
                  <div id="Test.YahooNewsTest_openselenium_byClass_PASS1_details"
                       class="testMethodDetails">
                     <div>
                        <b>Name: </b>openselenium
                     </div>
                     <div>
                        <b>Signature: </b>openselenium()[pri:0, instance:Test.YahooNewsTest@6bf256fa]
                     </div>
                     <div>
                        <b>Start time: </b>01:23:33
                     </div>
                     <div>
                        <b>End time: </b>01:23:33
                     </div>
                     <div>
                        <b>Duration: </b>14 ms
                        
                     </div>
                  </div>
               </td>
            </tr>
            <tr></tr>
            <tr id="Test.YahooNewsTest_todaynews_byClass_FAIL2_row"
                class="testMethodStatusFAIL">
               <td width="100%" class="firstMethodCell">
                  <a onclick="toggleDetailsVisibility('Test.YahooNewsTest_todaynews_byClass_FAIL2_details')">todaynews()</a>
               </td>
               <td nowrap="true">01:23:33</td>
               <td nowrap="true" align="right">3 ms
                  
               </td>
               <td nowrap="true">
                  <a onclick="toggleDetailsVisibility('Test.YahooNewsTest_todaynews_byClass_FAIL2_exception')">java.lang.AssertionError: 
                     expected [Goodyu] but found [Good]
                     
                  </a>
                   
                  
               </td>
            </tr>
            <tr>
               <td colspan="4" class="detailsBox">
                  <div id="Test.YahooNewsTest_todaynews_byClass_FAIL2_details"
                       class="testMethodDetails">
                     <div>
                        <b>Name: </b>todaynews
                     </div>
                     <div>
                        <b>Signature: </b>todaynews()[pri:0, instance:Test.YahooNewsTest@6bf256fa]
                     </div>
                     <div>
                        <b>Start time: </b>01:23:33
                     </div>
                     <div>
                        <b>End time: </b>01:23:33
                     </div>
                     <div>
                        <b>Duration: </b>3 ms
                        
                     </div>
                  </div>
               </td>
            </tr>
            <tr>
               <td colspan="4" class="detailsBox">
                  <div id="Test.YahooNewsTest_todaynews_byClass_FAIL2_exception"
                       class="testMethodDetails">
                     <pre style="padding: 5px; margin: 0;">java.lang.AssertionError: expected [Goodyu] but found [Good]
                        	at org.testng.Assert.fail(Assert.java:94)
                        	at org.testng.Assert.failNotEquals(Assert.java:513)
                        	at org.testng.Assert.assertEqualsImpl(Assert.java:135)
                        	at org.testng.Assert.assertEquals(Assert.java:116)
                        	at org.testng.Assert.assertEquals(Assert.java:190)
                        	at org.testng.Assert.assertEquals(Assert.java:200)
                        	at Test.YahooNewsTest.todaynews(YahooNewsTest.java:26)
                        	at sun.reflect.NativeMethodAccessorImpl.invoke0(Native Method)
                        	at sun.reflect.NativeMethodAccessorImpl.invoke(NativeMethodAccessorImpl.java:62)
                        	at sun.reflect.DelegatingMethodAccessorImpl.invoke(DelegatingMethodAccessorImpl.java:43)
                        	at java.lang.reflect.Method.invoke(Method.java:498)
                        	at org.testng.internal.MethodInvocationHelper.invokeMethod(MethodInvocationHelper.java:100)
                        	at org.testng.internal.Invoker.invokeMethod(Invoker.java:646)
                        	at org.testng.internal.Invoker.invokeTestMethod(Invoker.java:811)
                        	at org.testng.internal.Invoker.invokeTestMethods(Invoker.java:1129)
                        	at org.testng.internal.TestMethodWorker.invokeTestMethods(TestMethodWorker.java:129)
                        	at org.testng.internal.TestMethodWorker.run(TestMethodWorker.java:112)
                        	at org.testng.TestRunner.privateRun(TestRunner.java:746)
                        	at org.testng.TestRunner.run(TestRunner.java:600)
                        	at org.testng.SuiteRunner.runTest(SuiteRunner.java:366)
                        	at org.testng.SuiteRunner.runSequentially(SuiteRunner.java:361)
                        	at org.testng.SuiteRunner.privateRun(SuiteRunner.java:319)
                        	at org.testng.SuiteRunner.run(SuiteRunner.java:268)
                        	at org.testng.SuiteRunnerWorker.runSuite(SuiteRunnerWorker.java:52)
                        	at org.testng.SuiteRunnerWorker.run(SuiteRunnerWorker.java:86)
                        	at org.testng.TestNG.runSuitesSequentially(TestNG.java:1264)
                        	at org.testng.TestNG.runSuitesLocally(TestNG.java:1189)
                        	at org.testng.TestNG.runSuites(TestNG.java:1104)
                        	at org.testng.TestNG.run(TestNG.java:1076)
                        	at org.testng.TestNG.privateMain(TestNG.java:1405)
                        	at org.testng.TestNG.main(TestNG.java:1374)
                     </pre>
                  </div>
               </td>
            </tr>
            <tr id="Test.YahooNewsTest_yahoonews_byClass_PASS3_row"
                class="testMethodStatusPASS">
               <td width="100%" class="firstMethodCell">
                  <a onclick="toggleDetailsVisibility('Test.YahooNewsTest_yahoonews_byClass_PASS3_details')">yahoonews()</a>
               </td>
               <td nowrap="true">01:23:33</td>
               <td nowrap="true" align="right">0 ms
                  
               </td>
               <td nowrap="true">
                   
                  
               </td>
            </tr>
            <tr>
               <td colspan="4" class="detailsBox">
                  <div id="Test.YahooNewsTest_yahoonews_byClass_PASS3_details"
                       class="testMethodDetails">
                     <div>
                        <b>Name: </b>yahoonews
                     </div>
                     <div>
                        <b>Signature: </b>yahoonews()[pri:0, instance:Test.YahooNewsTest@6bf256fa]
                     </div>
                     <div>
                        <b>Start time: </b>01:23:33
                     </div>
                     <div>
                        <b>End time: </b>01:23:33
                     </div>
                     <div>
                        <b>Duration: </b>0 ms
                        
                     </div>
                  </div>
               </td>
            </tr>
            <tr></tr>
            <tr id="Test.YahooNewsTest_destroyselenium_byClass_PASS4_row"
                class="testMethodStatusPASS testMethodStatusCONF">
               <td width="100%" class="firstMethodCell">
                  <a onclick="toggleDetailsVisibility('Test.YahooNewsTest_destroyselenium_byClass_PASS4_details')">destroyselenium()</a>
               </td>
               <td nowrap="true">01:23:33</td>
               <td nowrap="true" align="right">0 ms
                  
               </td>
               <td nowrap="true">
                   
                  
               </td>
            </tr>
            <tr>
               <td colspan="4" class="detailsBox">
                  <div id="Test.YahooNewsTest_destroyselenium_byClass_PASS4_details"
                       class="testMethodDetails">
                     <div>
                        <b>Name: </b>destroyselenium
                     </div>
                     <div>
                        <b>Signature: </b>destroyselenium()[pri:0, instance:Test.YahooNewsTest@6bf256fa]
                     </div>
                     <div>
                        <b>Start time: </b>01:23:33
                     </div>
                     <div>
                        <b>End time: </b>01:23:33
                     </div>
                     <div>
                        <b>Duration: </b>0 ms
                        
                     </div>
                  </div>
               </td>
            </tr>
            <tr></tr>
         </table>
         <br></br>
      </div>
      <div style="margin-top: 15px; color: gray; text-align: center; font-size: 9px;">
         Generated with
         
         <a href="http://code.google.com/p/testng-xslt/" style="color: #8888aa;"
            target="_blank">
            TestNG XSLT
            
         </a>
      </div>
   </body>
</html>