<?xml version="1.0" encoding="UTF-8"?>
<testng-results skipped="0" failed="1" total="6" passed="5">
  <reporter-output>
  </reporter-output>
  <suite name="Yahoo" duration-ms="10187" started-at="2016-10-12T05:50:01Z" finished-at="2016-10-12T05:50:11Z">
    <groups>
    </groups>
    <test name="Registration details" duration-ms="22" started-at="2016-10-12T05:50:01Z" finished-at="2016-10-12T05:50:01Z">
      <class name="Test.RegistrationDetails">
        <test-method status="PASS" signature="registerData(java.lang.String, java.lang.String, java.lang.String)[pri:0, instance:Test.RegistrationDetails@b684286]" name="registerData" duration-ms="0" started-at="2016-10-11T22:50:01Z" data-provider="testData" finished-at="2016-10-11T22:50:01Z">
          <params>
            <param index="0">
              <value>
                <![CDATA[User1]]>
              </value>
            </param>
            <param index="1">
              <value>
                <![CDATA[pass1]]>
              </value>
            </param>
            <param index="2">
              <value>
                <![CDATA[city1]]>
              </value>
            </param>
          </params>
          <reporter-output>
          </reporter-output>
        </test-method> <!-- registerData -->
        <test-method status="PASS" signature="registerData(java.lang.String, java.lang.String, java.lang.String)[pri:0, instance:Test.RegistrationDetails@b684286]" name="registerData" duration-ms="0" started-at="2016-10-11T22:50:01Z" data-provider="testData" finished-at="2016-10-11T22:50:01Z">
          <params>
            <param index="0">
              <value>
                <![CDATA[User2]]>
              </value>
            </param>
            <param index="1">
              <value>
                <![CDATA[pass2]]>
              </value>
            </param>
            <param index="2">
              <value>
                <![CDATA[city2]]>
              </value>
            </param>
          </params>
          <reporter-output>
          </reporter-output>
        </test-method> <!-- registerData -->
      </class> <!-- Test.RegistrationDetails -->
    </test> <!-- Registration details -->
    <test name="Yahoo Mail Test" duration-ms="3" started-at="2016-10-12T05:50:06Z" finished-at="2016-10-12T05:50:06Z">
      <class name="Test.YahoomailTest">
        <test-method status="PASS" signature="openDBconnection()[pri:0, instance:Test.YahoomailTest@13969fbe]" name="openDBconnection" is-config="true" duration-ms="0" started-at="2016-10-11T22:50:06Z" finished-at="2016-10-11T22:50:06Z">
          <reporter-output>
          </reporter-output>
        </test-method> <!-- openDBconnection -->
        <test-method status="PASS" signature="openbrowser()[pri:0, instance:Test.YahoomailTest@13969fbe]" name="openbrowser" is-config="true" duration-ms="0" started-at="2016-10-11T22:50:06Z" finished-at="2016-10-11T22:50:06Z">
          <reporter-output>
          </reporter-output>
        </test-method> <!-- openbrowser -->
        <test-method status="PASS" signature="closebrowser()[pri:0, instance:Test.YahoomailTest@13969fbe]" name="closebrowser" is-config="true" duration-ms="0" started-at="2016-10-11T22:50:06Z" finished-at="2016-10-11T22:50:06Z">
          <reporter-output>
          </reporter-output>
        </test-method> <!-- closebrowser -->
        <test-method status="PASS" signature="testreceiveemail()[pri:0, instance:Test.YahoomailTest@13969fbe]" name="testreceiveemail" duration-ms="0" started-at="2016-10-11T22:50:06Z" finished-at="2016-10-11T22:50:06Z">
          <reporter-output>
          </reporter-output>
        </test-method> <!-- testreceiveemail -->
        <test-method status="PASS" signature="closingDbconnection()[pri:0, instance:Test.YahoomailTest@13969fbe]" name="closingDbconnection" is-config="true" duration-ms="1" started-at="2016-10-11T22:50:06Z" finished-at="2016-10-11T22:50:06Z">
          <reporter-output>
          </reporter-output>
        </test-method> <!-- closingDbconnection -->
        <test-method status="PASS" signature="openbrowser()[pri:0, instance:Test.YahoomailTest@13969fbe]" name="openbrowser" is-config="true" duration-ms="0" started-at="2016-10-11T22:50:06Z" finished-at="2016-10-11T22:50:06Z">
          <reporter-output>
          </reporter-output>
        </test-method> <!-- openbrowser -->
        <test-method status="PASS" signature="closebrowser()[pri:0, instance:Test.YahoomailTest@13969fbe]" name="closebrowser" is-config="true" duration-ms="0" started-at="2016-10-11T22:50:06Z" finished-at="2016-10-11T22:50:06Z">
          <reporter-output>
          </reporter-output>
        </test-method> <!-- closebrowser -->
        <test-method status="PASS" signature="testsendemail()[pri:0, instance:Test.YahoomailTest@13969fbe]" name="testsendemail" duration-ms="0" started-at="2016-10-11T22:50:06Z" finished-at="2016-10-11T22:50:06Z">
          <reporter-output>
          </reporter-output>
        </test-method> <!-- testsendemail -->
      </class> <!-- Test.YahoomailTest -->
    </test> <!-- Yahoo Mail Test -->
    <test name="Yahoo News Test" duration-ms="3" started-at="2016-10-12T05:50:11Z" finished-at="2016-10-12T05:50:11Z">
      <class name="Test.YahooNewsTest">
        <test-method status="PASS" signature="openselenium()[pri:0, instance:Test.YahooNewsTest@3cda1055]" name="openselenium" is-config="true" duration-ms="13" started-at="2016-10-11T22:50:01Z" finished-at="2016-10-11T22:50:01Z">
          <reporter-output>
          </reporter-output>
        </test-method> <!-- openselenium -->
        <test-method status="FAIL" signature="todaynews()[pri:0, instance:Test.YahooNewsTest@3cda1055]" name="todaynews" duration-ms="2" started-at="2016-10-11T22:50:11Z" finished-at="2016-10-11T22:50:11Z">
          <exception class="java.lang.AssertionError">
            <message>
              <![CDATA[expected [Goodyu] but found [Good]]]>
            </message>
            <full-stacktrace>
              <![CDATA[java.lang.AssertionError: expected [Goodyu] but found [Good]
	at org.testng.Assert.fail(Assert.java:94)
	at org.testng.Assert.failNotEquals(Assert.java:513)
	at org.testng.Assert.assertEqualsImpl(Assert.java:135)
	at org.testng.Assert.assertEquals(Assert.java:116)
	at org.testng.Assert.assertEquals(Assert.java:190)
	at org.testng.Assert.assertEquals(Assert.java:200)
	at Test.YahooNewsTest.todaynews(YahooNewsTest.java:26)
	at sun.reflect.NativeMethodAccessorImpl.invoke0(Native Method)
	at sun.reflect.NativeMethodAccessorImpl.invoke(NativeMethodAccessorImpl.java:62)
	at sun.reflect.DelegatingMethodAccessorImpl.invoke(DelegatingMethodAccessorImpl.java:43)
	at java.lang.reflect.Method.invoke(Method.java:498)
	at org.testng.internal.MethodInvocationHelper.invokeMethod(MethodInvocationHelper.java:100)
	at org.testng.internal.Invoker.invokeMethod(Invoker.java:646)
	at org.testng.internal.Invoker.invokeTestMethod(Invoker.java:811)
	at org.testng.internal.Invoker.invokeTestMethods(Invoker.java:1129)
	at org.testng.internal.TestMethodWorker.invokeTestMethods(TestMethodWorker.java:129)
	at org.testng.internal.TestMethodWorker.run(TestMethodWorker.java:112)
	at org.testng.TestRunner.privateRun(TestRunner.java:746)
	at org.testng.TestRunner.run(TestRunner.java:600)
	at org.testng.SuiteRunner.runTest(SuiteRunner.java:366)
	at org.testng.SuiteRunner.runSequentially(SuiteRunner.java:361)
	at org.testng.SuiteRunner.privateRun(SuiteRunner.java:319)
	at org.testng.SuiteRunner.run(SuiteRunner.java:268)
	at org.testng.SuiteRunnerWorker.runSuite(SuiteRunnerWorker.java:52)
	at org.testng.SuiteRunnerWorker.run(SuiteRunnerWorker.java:86)
	at org.testng.TestNG.runSuitesSequentially(TestNG.java:1264)
	at org.testng.TestNG.runSuitesLocally(TestNG.java:1189)
	at org.testng.TestNG.runSuites(TestNG.java:1104)
	at org.testng.TestNG.run(TestNG.java:1076)
	at org.testng.TestNG.privateMain(TestNG.java:1405)
	at org.testng.TestNG.main(TestNG.java:1374)
]]>
            </full-stacktrace>
          </exception> <!-- java.lang.AssertionError -->
          <reporter-output>
          </reporter-output>
        </test-method> <!-- todaynews -->
        <test-method status="PASS" signature="yahoonews()[pri:0, instance:Test.YahooNewsTest@3cda1055]" name="yahoonews" duration-ms="0" started-at="2016-10-11T22:50:11Z" finished-at="2016-10-11T22:50:11Z">
          <reporter-output>
          </reporter-output>
        </test-method> <!-- yahoonews -->
        <test-method status="PASS" signature="destroyselenium()[pri:0, instance:Test.YahooNewsTest@3cda1055]" name="destroyselenium" is-config="true" duration-ms="0" started-at="2016-10-11T22:50:16Z" finished-at="2016-10-11T22:50:16Z">
          <reporter-output>
          </reporter-output>
        </test-method> <!-- destroyselenium -->
      </class> <!-- Test.YahooNewsTest -->
    </test> <!-- Yahoo News Test -->
  </suite> <!-- Yahoo -->
</testng-results>
